Reading netlist file: "D:\CXHCTL_Phuc\Programs\FPGA_CNC\Wifi_CF\fpga_ide_device\impl\gwsynthesis\fpga_ide_device.vg"
Parsing netlist file "D:\CXHCTL_Phuc\Programs\FPGA_CNC\Wifi_CF\fpga_ide_device\impl\gwsynthesis\fpga_ide_device.vg" completed
Processing netlist completed
Reading constraint file: "D:\CXHCTL_Phuc\Programs\FPGA_CNC\Wifi_CF\fpga_ide_device\src\fpga_ide_device.cst"
Physical Constraint parsed completed
Running placement......
[10%] Placement Phase 0 completed
[20%] Placement Phase 1 completed
[30%] Placement Phase 2 completed
[50%] Placement Phase 3 completed
Running routing......
[60%] Routing Phase 0 completed
[70%] Routing Phase 1 completed
[80%] Routing Phase 2 completed
[90%] Routing Phase 3 completed
Running timing analysis......
[95%] Timing analysis completed
Placement and routing completed
Bitstream generation in progress......
Bitstream generation completed
Running power analysis......
[100%] Power analysis completed
Generate file "D:\CXHCTL_Phuc\Programs\FPGA_CNC\Wifi_CF\fpga_ide_device\impl\pnr\fpga_ide_device.power.html" completed
Generate file "D:\CXHCTL_Phuc\Programs\FPGA_CNC\Wifi_CF\fpga_ide_device\impl\pnr\fpga_ide_device.pin.html" completed
Generate file "D:\CXHCTL_Phuc\Programs\FPGA_CNC\Wifi_CF\fpga_ide_device\impl\pnr\fpga_ide_device.rpt.html" completed
Generate file "D:\CXHCTL_Phuc\Programs\FPGA_CNC\Wifi_CF\fpga_ide_device\impl\pnr\fpga_ide_device.rpt.txt" completed
Generate file "D:\CXHCTL_Phuc\Programs\FPGA_CNC\Wifi_CF\fpga_ide_device\impl\pnr\fpga_ide_device.tr.html" completed
Sat Jul 12 15:51:22 2025

